 08-08-2023 07:39:08:421 [pid=2371 tid=2371] ERROR  cufio-topo-nvfs:78 pci device not present in topology device attribute table: 0000:00:14.3
 08-08-2023 07:39:08:422 [pid=2371 tid=2371] ERROR  cufio-topo-nvfs:78 pci device not present in topology device attribute table: 0000:00:14.3
 08-08-2023 07:39:08:422 [pid=2371 tid=2371] ERROR  cufio-topo-nvfs:78 pci device not present in topology device attribute table: 0000:00:14.3
 08-08-2023 07:39:08:530 [pid=2371 tid=2371] ERROR  cufio-fs:199 NVMe Driver not registered with nvidia-fs!!!
 08-08-2023 07:39:08:530 [pid=2371 tid=2371] ERROR  cufio-fs:79 mount option not found in mount table data device: /dev/nvme0n1p5
 08-08-2023 07:39:08:530 [pid=2371 tid=2371] ERROR  cufio-fs:199 NVMe Driver not registered with nvidia-fs!!!
 08-08-2023 07:39:08:530 [pid=2371 tid=2371] NOTICE  cufio-fs:441 dumping volume attributes: DEVNAME:/dev/nvme0n1p5,ID_FS_TYPE:ext4,ID_FS_USAGE:filesystem,UDEV_PCI_BRIDGE:0000:00:1d.0,device/transport:pcie,fsid:8318041f953d35c30x,numa_node:0,queue/logical_block_size:4096,wwid:eui.002538bc21b94d8f,
 08-08-2023 07:39:08:530 [pid=2371 tid=2371] NOTICE  cufio:292 cuFileHandleRegister GDS not supported or disabled by config, using cuFile posix read/write with compat mode enabled
 08-08-2023 07:51:47:513 [pid=2471 tid=2471] ERROR  cufio-topo-nvfs:78 pci device not present in topology device attribute table: 0000:00:14.3
 08-08-2023 07:51:47:513 [pid=2471 tid=2471] ERROR  cufio-topo-nvfs:78 pci device not present in topology device attribute table: 0000:00:14.3
 08-08-2023 07:51:47:513 [pid=2471 tid=2471] ERROR  cufio-topo-nvfs:78 pci device not present in topology device attribute table: 0000:00:14.3
 08-08-2023 07:51:47:621 [pid=2471 tid=2471] ERROR  cufio-fs:199 NVMe Driver not registered with nvidia-fs!!!
 08-08-2023 07:51:47:622 [pid=2471 tid=2471] ERROR  cufio-fs:79 mount option not found in mount table data device: /dev/nvme0n1p5
 08-08-2023 07:51:47:622 [pid=2471 tid=2471] ERROR  cufio-fs:199 NVMe Driver not registered with nvidia-fs!!!
 08-08-2023 07:51:47:622 [pid=2471 tid=2471] NOTICE  cufio-fs:441 dumping volume attributes: DEVNAME:/dev/nvme0n1p5,ID_FS_TYPE:ext4,ID_FS_USAGE:filesystem,UDEV_PCI_BRIDGE:0000:00:1d.0,device/transport:pcie,fsid:8318041f953d35c30x,numa_node:0,queue/logical_block_size:4096,wwid:eui.002538bc21b94d8f,
 08-08-2023 07:51:47:622 [pid=2471 tid=2471] NOTICE  cufio:292 cuFileHandleRegister GDS not supported or disabled by config, using cuFile posix read/write with compat mode enabled
 08-08-2023 07:56:22:0 [pid=2564 tid=2564] ERROR  cufio-topo-nvfs:78 pci device not present in topology device attribute table: 0000:00:14.3
 08-08-2023 07:56:22:0 [pid=2564 tid=2564] ERROR  cufio-topo-nvfs:78 pci device not present in topology device attribute table: 0000:00:14.3
 08-08-2023 07:56:22:0 [pid=2564 tid=2564] ERROR  cufio-topo-nvfs:78 pci device not present in topology device attribute table: 0000:00:14.3
 08-08-2023 07:56:22:108 [pid=2564 tid=2564] ERROR  cufio-fs:199 NVMe Driver not registered with nvidia-fs!!!
 08-08-2023 07:56:22:109 [pid=2564 tid=2564] ERROR  cufio-fs:79 mount option not found in mount table data device: /dev/nvme0n1p5
 08-08-2023 07:56:22:109 [pid=2564 tid=2564] ERROR  cufio-fs:199 NVMe Driver not registered with nvidia-fs!!!
 08-08-2023 07:56:22:109 [pid=2564 tid=2564] NOTICE  cufio-fs:441 dumping volume attributes: DEVNAME:/dev/nvme0n1p5,ID_FS_TYPE:ext4,ID_FS_USAGE:filesystem,UDEV_PCI_BRIDGE:0000:00:1d.0,device/transport:pcie,fsid:8318041f953d35c30x,numa_node:0,queue/logical_block_size:4096,wwid:eui.002538bc21b94d8f,
 08-08-2023 07:56:22:109 [pid=2564 tid=2564] NOTICE  cufio:292 cuFileHandleRegister GDS not supported or disabled by config, using cuFile posix read/write with compat mode enabled
 08-08-2023 07:59:45:807 [pid=2647 tid=2647] ERROR  cufio-topo-nvfs:78 pci device not present in topology device attribute table: 0000:00:14.3
 08-08-2023 07:59:45:807 [pid=2647 tid=2647] ERROR  cufio-topo-nvfs:78 pci device not present in topology device attribute table: 0000:00:14.3
 08-08-2023 07:59:45:807 [pid=2647 tid=2647] ERROR  cufio-topo-nvfs:78 pci device not present in topology device attribute table: 0000:00:14.3
 08-08-2023 07:59:45:915 [pid=2647 tid=2647] ERROR  cufio-fs:199 NVMe Driver not registered with nvidia-fs!!!
 08-08-2023 07:59:45:915 [pid=2647 tid=2647] ERROR  cufio-fs:79 mount option not found in mount table data device: /dev/nvme0n1p5
 08-08-2023 07:59:45:915 [pid=2647 tid=2647] ERROR  cufio-fs:199 NVMe Driver not registered with nvidia-fs!!!
 08-08-2023 07:59:45:915 [pid=2647 tid=2647] NOTICE  cufio-fs:441 dumping volume attributes: DEVNAME:/dev/nvme0n1p5,ID_FS_TYPE:ext4,ID_FS_USAGE:filesystem,UDEV_PCI_BRIDGE:0000:00:1d.0,device/transport:pcie,fsid:8318041f953d35c30x,numa_node:0,queue/logical_block_size:4096,wwid:eui.002538bc21b94d8f,
 08-08-2023 07:59:45:915 [pid=2647 tid=2647] NOTICE  cufio:292 cuFileHandleRegister GDS not supported or disabled by config, using cuFile posix read/write with compat mode enabled
 08-08-2023 07:59:52:477 [pid=2739 tid=2739] ERROR  cufio-topo-nvfs:78 pci device not present in topology device attribute table: 0000:00:14.3
 08-08-2023 07:59:52:477 [pid=2739 tid=2739] ERROR  cufio-topo-nvfs:78 pci device not present in topology device attribute table: 0000:00:14.3
 08-08-2023 07:59:52:478 [pid=2739 tid=2739] ERROR  cufio-topo-nvfs:78 pci device not present in topology device attribute table: 0000:00:14.3
 08-08-2023 07:59:52:586 [pid=2739 tid=2739] ERROR  cufio-fs:199 NVMe Driver not registered with nvidia-fs!!!
 08-08-2023 07:59:52:586 [pid=2739 tid=2739] ERROR  cufio-fs:79 mount option not found in mount table data device: /dev/nvme0n1p5
 08-08-2023 07:59:52:586 [pid=2739 tid=2739] ERROR  cufio-fs:199 NVMe Driver not registered with nvidia-fs!!!
 08-08-2023 07:59:52:586 [pid=2739 tid=2739] NOTICE  cufio-fs:441 dumping volume attributes: DEVNAME:/dev/nvme0n1p5,ID_FS_TYPE:ext4,ID_FS_USAGE:filesystem,UDEV_PCI_BRIDGE:0000:00:1d.0,device/transport:pcie,fsid:8318041f953d35c30x,numa_node:0,queue/logical_block_size:4096,wwid:eui.002538bc21b94d8f,
 08-08-2023 07:59:52:586 [pid=2739 tid=2739] NOTICE  cufio:292 cuFileHandleRegister GDS not supported or disabled by config, using cuFile posix read/write with compat mode enabled
 08-08-2023 08:01:25:551 [pid=3075 tid=3075] ERROR  cufio-topo-nvfs:78 pci device not present in topology device attribute table: 0000:00:14.3
 08-08-2023 08:01:25:551 [pid=3075 tid=3075] ERROR  cufio-topo-nvfs:78 pci device not present in topology device attribute table: 0000:00:14.3
 08-08-2023 08:01:25:552 [pid=3075 tid=3075] ERROR  cufio-topo-nvfs:78 pci device not present in topology device attribute table: 0000:00:14.3
 08-08-2023 08:01:25:660 [pid=3075 tid=3075] ERROR  cufio-fs:199 NVMe Driver not registered with nvidia-fs!!!
 08-08-2023 08:01:25:660 [pid=3075 tid=3075] ERROR  cufio-fs:79 mount option not found in mount table data device: /dev/nvme0n1p5
 08-08-2023 08:01:25:660 [pid=3075 tid=3075] ERROR  cufio-fs:199 NVMe Driver not registered with nvidia-fs!!!
 08-08-2023 08:01:25:660 [pid=3075 tid=3075] NOTICE  cufio-fs:441 dumping volume attributes: DEVNAME:/dev/nvme0n1p5,ID_FS_TYPE:ext4,ID_FS_USAGE:filesystem,UDEV_PCI_BRIDGE:0000:00:1d.0,device/transport:pcie,fsid:8318041f953d35c30x,numa_node:0,queue/logical_block_size:4096,wwid:eui.002538bc21b94d8f,
 08-08-2023 08:01:25:660 [pid=3075 tid=3075] NOTICE  cufio:292 cuFileHandleRegister GDS not supported or disabled by config, using cuFile posix read/write with compat mode enabled
 08-08-2023 08:47:09:25 [pid=3196 tid=3196] ERROR  cufio-topo-nvfs:78 pci device not present in topology device attribute table: 0000:00:14.3
 08-08-2023 08:47:09:26 [pid=3196 tid=3196] ERROR  cufio-topo-nvfs:78 pci device not present in topology device attribute table: 0000:00:14.3
 08-08-2023 08:47:09:26 [pid=3196 tid=3196] ERROR  cufio-topo-nvfs:78 pci device not present in topology device attribute table: 0000:00:14.3
 08-08-2023 08:47:09:134 [pid=3196 tid=3196] ERROR  cufio-fs:199 NVMe Driver not registered with nvidia-fs!!!
 08-08-2023 08:47:09:134 [pid=3196 tid=3196] ERROR  cufio-fs:79 mount option not found in mount table data device: /dev/nvme0n1p5
 08-08-2023 08:47:09:134 [pid=3196 tid=3196] ERROR  cufio-fs:199 NVMe Driver not registered with nvidia-fs!!!
 08-08-2023 08:47:09:134 [pid=3196 tid=3196] NOTICE  cufio-fs:441 dumping volume attributes: DEVNAME:/dev/nvme0n1p5,ID_FS_TYPE:ext4,ID_FS_USAGE:filesystem,UDEV_PCI_BRIDGE:0000:00:1d.0,device/transport:pcie,fsid:8318041f953d35c30x,numa_node:0,queue/logical_block_size:4096,wwid:eui.002538bc21b94d8f,
 08-08-2023 08:47:09:134 [pid=3196 tid=3196] NOTICE  cufio:292 cuFileHandleRegister GDS not supported or disabled by config, using cuFile posix read/write with compat mode enabled
 08-08-2023 08:48:01:103 [pid=3289 tid=3289] ERROR  cufio-topo-nvfs:78 pci device not present in topology device attribute table: 0000:00:14.3
 08-08-2023 08:48:01:103 [pid=3289 tid=3289] ERROR  cufio-topo-nvfs:78 pci device not present in topology device attribute table: 0000:00:14.3
 08-08-2023 08:48:01:103 [pid=3289 tid=3289] ERROR  cufio-topo-nvfs:78 pci device not present in topology device attribute table: 0000:00:14.3
 08-08-2023 08:48:01:211 [pid=3289 tid=3289] ERROR  cufio-fs:199 NVMe Driver not registered with nvidia-fs!!!
 08-08-2023 08:48:01:212 [pid=3289 tid=3289] ERROR  cufio-fs:79 mount option not found in mount table data device: /dev/nvme0n1p5
 08-08-2023 08:48:01:212 [pid=3289 tid=3289] ERROR  cufio-fs:199 NVMe Driver not registered with nvidia-fs!!!
 08-08-2023 08:48:01:212 [pid=3289 tid=3289] NOTICE  cufio-fs:441 dumping volume attributes: DEVNAME:/dev/nvme0n1p5,ID_FS_TYPE:ext4,ID_FS_USAGE:filesystem,UDEV_PCI_BRIDGE:0000:00:1d.0,device/transport:pcie,fsid:8318041f953d35c30x,numa_node:0,queue/logical_block_size:4096,wwid:eui.002538bc21b94d8f,
 08-08-2023 08:48:01:212 [pid=3289 tid=3289] NOTICE  cufio:292 cuFileHandleRegister GDS not supported or disabled by config, using cuFile posix read/write with compat mode enabled
 08-08-2023 08:50:04:188 [pid=3381 tid=3381] ERROR  cufio-topo-nvfs:78 pci device not present in topology device attribute table: 0000:00:14.3
 08-08-2023 08:50:04:188 [pid=3381 tid=3381] ERROR  cufio-topo-nvfs:78 pci device not present in topology device attribute table: 0000:00:14.3
 08-08-2023 08:50:04:188 [pid=3381 tid=3381] ERROR  cufio-topo-nvfs:78 pci device not present in topology device attribute table: 0000:00:14.3
 08-08-2023 08:50:04:296 [pid=3381 tid=3381] ERROR  cufio-fs:199 NVMe Driver not registered with nvidia-fs!!!
 08-08-2023 08:50:04:297 [pid=3381 tid=3381] ERROR  cufio-fs:79 mount option not found in mount table data device: /dev/nvme0n1p5
 08-08-2023 08:50:04:297 [pid=3381 tid=3381] ERROR  cufio-fs:199 NVMe Driver not registered with nvidia-fs!!!
 08-08-2023 08:50:04:297 [pid=3381 tid=3381] NOTICE  cufio-fs:441 dumping volume attributes: DEVNAME:/dev/nvme0n1p5,ID_FS_TYPE:ext4,ID_FS_USAGE:filesystem,UDEV_PCI_BRIDGE:0000:00:1d.0,device/transport:pcie,fsid:8318041f953d35c30x,numa_node:0,queue/logical_block_size:4096,wwid:eui.002538bc21b94d8f,
 08-08-2023 08:50:04:297 [pid=3381 tid=3381] NOTICE  cufio:292 cuFileHandleRegister GDS not supported or disabled by config, using cuFile posix read/write with compat mode enabled
 08-08-2023 08:52:21:141 [pid=3474 tid=3474] ERROR  cufio-topo-nvfs:78 pci device not present in topology device attribute table: 0000:00:14.3
 08-08-2023 08:52:21:141 [pid=3474 tid=3474] ERROR  cufio-topo-nvfs:78 pci device not present in topology device attribute table: 0000:00:14.3
 08-08-2023 08:52:21:142 [pid=3474 tid=3474] ERROR  cufio-topo-nvfs:78 pci device not present in topology device attribute table: 0000:00:14.3
 08-08-2023 08:52:21:249 [pid=3474 tid=3474] ERROR  cufio-fs:199 NVMe Driver not registered with nvidia-fs!!!
 08-08-2023 08:52:21:250 [pid=3474 tid=3474] ERROR  cufio-fs:79 mount option not found in mount table data device: /dev/nvme0n1p5
 08-08-2023 08:52:21:250 [pid=3474 tid=3474] ERROR  cufio-fs:199 NVMe Driver not registered with nvidia-fs!!!
 08-08-2023 08:52:21:250 [pid=3474 tid=3474] NOTICE  cufio-fs:441 dumping volume attributes: DEVNAME:/dev/nvme0n1p5,ID_FS_TYPE:ext4,ID_FS_USAGE:filesystem,UDEV_PCI_BRIDGE:0000:00:1d.0,device/transport:pcie,fsid:8318041f953d35c30x,numa_node:0,queue/logical_block_size:4096,wwid:eui.002538bc21b94d8f,
 08-08-2023 08:52:21:250 [pid=3474 tid=3474] NOTICE  cufio:292 cuFileHandleRegister GDS not supported or disabled by config, using cuFile posix read/write with compat mode enabled
 08-08-2023 08:52:22:299 [pid=3474 tid=3474] ERROR  cufio-fs:199 NVMe Driver not registered with nvidia-fs!!!
 08-08-2023 08:52:22:299 [pid=3474 tid=3474] NOTICE  cufio-fs:441 dumping volume attributes: DEVNAME:/dev/nvme0n1p5,ID_FS_TYPE:ext4,ID_FS_USAGE:filesystem,UDEV_PCI_BRIDGE:0000:00:1d.0,device/transport:pcie,fsid:8318041f953d35c30x,numa_node:0,queue/logical_block_size:4096,wwid:eui.002538bc21b94d8f,
 08-08-2023 08:52:22:299 [pid=3474 tid=3474] NOTICE  cufio:292 cuFileHandleRegister GDS not supported or disabled by config, using cuFile posix read/write with compat mode enabled
 08-08-2023 08:53:34:225 [pid=3566 tid=3566] ERROR  cufio-topo-nvfs:78 pci device not present in topology device attribute table: 0000:00:14.3
 08-08-2023 08:53:34:226 [pid=3566 tid=3566] ERROR  cufio-topo-nvfs:78 pci device not present in topology device attribute table: 0000:00:14.3
 08-08-2023 08:53:34:226 [pid=3566 tid=3566] ERROR  cufio-topo-nvfs:78 pci device not present in topology device attribute table: 0000:00:14.3
 08-08-2023 08:53:34:334 [pid=3566 tid=3566] ERROR  cufio-fs:199 NVMe Driver not registered with nvidia-fs!!!
 08-08-2023 08:53:34:334 [pid=3566 tid=3566] ERROR  cufio-fs:79 mount option not found in mount table data device: /dev/nvme0n1p5
 08-08-2023 08:53:34:334 [pid=3566 tid=3566] ERROR  cufio-fs:199 NVMe Driver not registered with nvidia-fs!!!
 08-08-2023 08:53:34:335 [pid=3566 tid=3566] NOTICE  cufio-fs:441 dumping volume attributes: DEVNAME:/dev/nvme0n1p5,ID_FS_TYPE:ext4,ID_FS_USAGE:filesystem,UDEV_PCI_BRIDGE:0000:00:1d.0,device/transport:pcie,fsid:8318041f953d35c30x,numa_node:0,queue/logical_block_size:4096,wwid:eui.002538bc21b94d8f,
 08-08-2023 08:53:34:335 [pid=3566 tid=3566] NOTICE  cufio:292 cuFileHandleRegister GDS not supported or disabled by config, using cuFile posix read/write with compat mode enabled
 08-08-2023 08:53:35:491 [pid=3566 tid=3566] ERROR  cufio-fs:199 NVMe Driver not registered with nvidia-fs!!!
 08-08-2023 08:53:35:491 [pid=3566 tid=3566] NOTICE  cufio-fs:441 dumping volume attributes: DEVNAME:/dev/nvme0n1p5,ID_FS_TYPE:ext4,ID_FS_USAGE:filesystem,UDEV_PCI_BRIDGE:0000:00:1d.0,device/transport:pcie,fsid:8318041f953d35c30x,numa_node:0,queue/logical_block_size:4096,wwid:eui.002538bc21b94d8f,
 08-08-2023 08:53:35:491 [pid=3566 tid=3566] NOTICE  cufio:292 cuFileHandleRegister GDS not supported or disabled by config, using cuFile posix read/write with compat mode enabled
 08-08-2023 09:19:46:493 [pid=3795 tid=3795] ERROR  cufio-topo-nvfs:78 pci device not present in topology device attribute table: 0000:00:14.3
 08-08-2023 09:19:46:493 [pid=3795 tid=3795] ERROR  cufio-topo-nvfs:78 pci device not present in topology device attribute table: 0000:00:14.3
 08-08-2023 09:19:46:493 [pid=3795 tid=3795] ERROR  cufio-topo-nvfs:78 pci device not present in topology device attribute table: 0000:00:14.3
 08-08-2023 09:19:46:601 [pid=3795 tid=3795] ERROR  cufio-fs:199 NVMe Driver not registered with nvidia-fs!!!
 08-08-2023 09:19:46:601 [pid=3795 tid=3795] ERROR  cufio-fs:79 mount option not found in mount table data device: /dev/nvme0n1p5
 08-08-2023 09:19:46:601 [pid=3795 tid=3795] ERROR  cufio-fs:199 NVMe Driver not registered with nvidia-fs!!!
 08-08-2023 09:19:46:601 [pid=3795 tid=3795] NOTICE  cufio-fs:441 dumping volume attributes: DEVNAME:/dev/nvme0n1p5,ID_FS_TYPE:ext4,ID_FS_USAGE:filesystem,UDEV_PCI_BRIDGE:0000:00:1d.0,device/transport:pcie,fsid:8318041f953d35c30x,numa_node:0,queue/logical_block_size:4096,wwid:eui.002538bc21b94d8f,
 08-08-2023 09:19:46:601 [pid=3795 tid=3795] NOTICE  cufio:292 cuFileHandleRegister GDS not supported or disabled by config, using cuFile posix read/write with compat mode enabled
 08-08-2023 09:19:47:596 [pid=3795 tid=3795] ERROR  cufio-fs:199 NVMe Driver not registered with nvidia-fs!!!
 08-08-2023 09:19:47:596 [pid=3795 tid=3795] NOTICE  cufio-fs:441 dumping volume attributes: DEVNAME:/dev/nvme0n1p5,ID_FS_TYPE:ext4,ID_FS_USAGE:filesystem,UDEV_PCI_BRIDGE:0000:00:1d.0,device/transport:pcie,fsid:8318041f953d35c30x,numa_node:0,queue/logical_block_size:4096,wwid:eui.002538bc21b94d8f,
 08-08-2023 09:19:47:596 [pid=3795 tid=3795] NOTICE  cufio:292 cuFileHandleRegister GDS not supported or disabled by config, using cuFile posix read/write with compat mode enabled
