 03-08-2023 09:11:49:870 [pid=38017 tid=38017] ERROR  cufio-topo-nvfs:78 pci device not present in topology device attribute table: 0000:00:14.3
 03-08-2023 09:11:49:870 [pid=38017 tid=38017] ERROR  cufio-topo-nvfs:78 pci device not present in topology device attribute table: 0000:00:14.3
 03-08-2023 09:11:49:870 [pid=38017 tid=38017] ERROR  cufio-topo-nvfs:78 pci device not present in topology device attribute table: 0000:00:14.3
 03-08-2023 09:11:49:977 [pid=38017 tid=38017] ERROR  cufio-fs:199 NVMe Driver not registered with nvidia-fs!!!
 03-08-2023 09:11:49:977 [pid=38017 tid=38017] ERROR  cufio-fs:79 mount option not found in mount table data device: /dev/nvme0n1p5
 03-08-2023 09:11:49:977 [pid=38017 tid=38017] ERROR  cufio-fs:199 NVMe Driver not registered with nvidia-fs!!!
 03-08-2023 09:11:49:977 [pid=38017 tid=38017] NOTICE  cufio-fs:441 dumping volume attributes: DEVNAME:/dev/nvme0n1p5,ID_FS_TYPE:ext4,ID_FS_USAGE:filesystem,UDEV_PCI_BRIDGE:0000:00:1d.0,device/transport:pcie,fsid:8318041f953d35c30x,numa_node:0,queue/logical_block_size:4096,wwid:eui.002538bc21b94d8f,
 03-08-2023 09:11:49:977 [pid=38017 tid=38017] NOTICE  cufio:292 cuFileHandleRegister GDS not supported or disabled by config, using cuFile posix read/write with compat mode enabled
 03-08-2023 09:11:52:537 [pid=38017 tid=38017] ERROR  cufio-fs:199 NVMe Driver not registered with nvidia-fs!!!
 03-08-2023 09:11:52:537 [pid=38017 tid=38017] NOTICE  cufio-fs:441 dumping volume attributes: DEVNAME:/dev/nvme0n1p5,ID_FS_TYPE:ext4,ID_FS_USAGE:filesystem,UDEV_PCI_BRIDGE:0000:00:1d.0,device/transport:pcie,fsid:8318041f953d35c30x,numa_node:0,queue/logical_block_size:4096,wwid:eui.002538bc21b94d8f,
 03-08-2023 09:11:52:537 [pid=38017 tid=38017] NOTICE  cufio:292 cuFileHandleRegister GDS not supported or disabled by config, using cuFile posix read/write with compat mode enabled
 03-08-2023 09:13:58:456 [pid=38329 tid=38329] ERROR  cufio-topo-nvfs:78 pci device not present in topology device attribute table: 0000:00:14.3
 03-08-2023 09:13:58:456 [pid=38329 tid=38329] ERROR  cufio-topo-nvfs:78 pci device not present in topology device attribute table: 0000:00:14.3
 03-08-2023 09:13:58:456 [pid=38329 tid=38329] ERROR  cufio-topo-nvfs:78 pci device not present in topology device attribute table: 0000:00:14.3
 03-08-2023 09:13:58:560 [pid=38329 tid=38329] ERROR  cufio-fs:199 NVMe Driver not registered with nvidia-fs!!!
 03-08-2023 09:13:58:561 [pid=38329 tid=38329] ERROR  cufio-fs:79 mount option not found in mount table data device: /dev/nvme0n1p5
 03-08-2023 09:13:58:561 [pid=38329 tid=38329] ERROR  cufio-fs:199 NVMe Driver not registered with nvidia-fs!!!
 03-08-2023 09:13:58:561 [pid=38329 tid=38329] NOTICE  cufio-fs:441 dumping volume attributes: DEVNAME:/dev/nvme0n1p5,ID_FS_TYPE:ext4,ID_FS_USAGE:filesystem,UDEV_PCI_BRIDGE:0000:00:1d.0,device/transport:pcie,fsid:8318041f953d35c30x,numa_node:0,queue/logical_block_size:4096,wwid:eui.002538bc21b94d8f,
 03-08-2023 09:13:58:561 [pid=38329 tid=38329] NOTICE  cufio:292 cuFileHandleRegister GDS not supported or disabled by config, using cuFile posix read/write with compat mode enabled
 03-08-2023 09:14:00:768 [pid=38329 tid=38329] ERROR  cufio-fs:199 NVMe Driver not registered with nvidia-fs!!!
 03-08-2023 09:14:00:768 [pid=38329 tid=38329] NOTICE  cufio-fs:441 dumping volume attributes: DEVNAME:/dev/nvme0n1p5,ID_FS_TYPE:ext4,ID_FS_USAGE:filesystem,UDEV_PCI_BRIDGE:0000:00:1d.0,device/transport:pcie,fsid:8318041f953d35c30x,numa_node:0,queue/logical_block_size:4096,wwid:eui.002538bc21b94d8f,
 03-08-2023 09:14:00:768 [pid=38329 tid=38329] NOTICE  cufio:292 cuFileHandleRegister GDS not supported or disabled by config, using cuFile posix read/write with compat mode enabled
